== Patch show latest ==
$ /usr/bin/python3 /opt/cocondo/springmaster/bin/patch.py /opt/cocondo/springmaster show latest

Patch-ID:      000025_springmaster_platform_update_foundation
Archiv:        000025_springmaster_platform_update_foundation.zip
Erstellt am:   2026-06-24T15:11:25.130189+02:00
Status:        applied
Scope:         root
Summary:
  new: 2
  modified: 11
  unchanged: 0
  deleted: 0
  delete_missing: 0

Dateien:
  modified      PROJECT_DOCS/CONCEPT/SPRINGMASTER_VERSION_POLICY.md
  modified      PROJECT_DOCS/PLANNING/SPRINGMASTER_IMPLEMENTATION_PLAN.md
  modified      PROJECT_DOCS/TARGET_UPDATES/TARGET_REGISTRY.md
  modified      PROJECT_DOCS/TOOLING/PATCH_SYSTEM.md
  modified      PROJECT_DOCS/TOOLING/PATCH_VALIDATION_POLICY.md
  new           PROJECT_DOCS/TOOLING/PLATFORM_UPDATE.md
  modified      PROJECT_DOCS/TOOLING/TOOLING_BASELINE.md
  modified      bin/patch.py
  modified      bin/platform-update.sh
  modified      export.config.json
  modified      platform/update/README.md
  modified      platform/versions/platform.env
  new           patches/logs/root/CHANGELOG-000025-springmaster-platform-update-foundation.md
