== Patch dry-run ==
$ /usr/bin/python3 /opt/cocondo/springmaster/bin/patch.py /opt/cocondo/springmaster apply --dry-run /home/cb/Downloads/000046_springmaster_api_endpoint_contract_standard.zip

Patch-Apply:
  Projekt:      /opt/cocondo/springmaster
  Archiv:       /home/cb/Downloads/000046_springmaster_api_endpoint_contract_standard.zip
  Patch-ID:     000046_springmaster_api_endpoint_contract_standard
  Scope:        root
  Modus:        DRY-RUN

  [MODIFIED]      PROJECT_DOCS/CONCEPT/SPRINGMASTER_VERSION_POLICY.md
  [MODIFIED]      PROJECT_DOCS/STANDARDS/API/API_ENDPOINT_CONTRACT_DEFINITION_BACKLOG.md
  [NEW]           PROJECT_DOCS/STANDARDS/API/API_ENDPOINT_CONTRACT_STANDARD.md
  [MODIFIED]      PROJECT_DOCS/STANDARDS/API/README.md
  [MODIFIED]      PROJECT_DOCS/STANDARDS/README.md
  [MODIFIED]      platform/versions/platform.env
  [NEW]           patches/logs/root/CHANGELOG-000046-springmaster-api-endpoint-contract-standard.md

Zusammenfassung:
  new: 2
  modified: 5
  unchanged: 0
  deleted: 0
  delete_missing: 0

Dry-run abgeschlossen. Es wurden keine Dateien geändert.
