== Patch show latest ==
$ /usr/bin/python3 /opt/cocondo/springmaster/bin/patch.py /opt/cocondo/springmaster show latest

Patch-ID:      000033_springmaster_platform_update_target_compatibility_plan
Archiv:        000033_springmaster_platform_update_target_compatibility_plan.zip
Erstellt am:   2026-06-25T14:41:12.924107+02:00
Status:        applied
Scope:         root
Summary:
  new: 2
  modified: 9
  unchanged: 0
  deleted: 0
  delete_missing: 0

Dateien:
  modified      PROJECT_DOCS/CONCEPT/SPRINGMASTER_VERSION_POLICY.md
  modified      PROJECT_DOCS/PLANNING/SPRINGMASTER_IMPLEMENTATION_PLAN.md
  modified      PROJECT_DOCS/TOOLING/PATCH_VALIDATION_POLICY.md
  modified      PROJECT_DOCS/TOOLING/PLATFORM_UPDATE.md
  modified      PROJECT_DOCS/TOOLING/PLATFORM_UPDATE_PATCH_GENERATION.md
  new           PROJECT_DOCS/TOOLING/PLATFORM_UPDATE_TARGET_COMPATIBILITY.md
  modified      PROJECT_DOCS/TOOLING/TOOLING_BASELINE.md
  modified      bin/platform-update.sh
  modified      platform/update/README.md
  modified      platform/versions/platform.env
  new           patches/logs/root/CHANGELOG-000033-springmaster-platform-update-target-compatibility-plan.md
