== Patch show latest ==
$ /usr/bin/python3 /opt/cocondo/springmaster/bin/patch.py /opt/cocondo/springmaster show latest

Patch-ID:      000052_springmaster_security_permission_boundary_standard
Archiv:        000052_springmaster_security_permission_boundary_standard.zip
Erstellt am:   2026-06-29T15:13:04.580729+02:00
Status:        applied
Scope:         root
Summary:
  new: 2
  modified: 7
  unchanged: 0
  deleted: 0
  delete_missing: 0

Dateien:
  modified      PROJECT_DOCS/CONCEPT/SPRINGMASTER_VERSION_POLICY.md
  modified      PROJECT_DOCS/STANDARDS/API/README.md
  modified      PROJECT_DOCS/STANDARDS/CONTROLLER_SERVICE_USECASE_TRANSACTION_STANDARD.md
  modified      PROJECT_DOCS/STANDARDS/DOMAIN_ENTITY_PERSISTENCE_STANDARD.md
  modified      PROJECT_DOCS/STANDARDS/README.md
  modified      PROJECT_DOCS/STANDARDS/REAL_APP_PATTERN_FORENSICS.md
  new           PROJECT_DOCS/STANDARDS/SECURITY_PERMISSION_BOUNDARY_STANDARD.md
  modified      platform/versions/platform.env
  new           patches/logs/root/CHANGELOG-000052-springmaster-security-permission-boundary-standard.md
