== Patch show latest ==
$ /usr/bin/python3 /opt/cocondo/springmaster/bin/patch.py /opt/cocondo/springmaster show latest

Patch-ID:      000042_springmaster_core_domain_entity_service_support
Archiv:        000042_springmaster_core_domain_entity_service_support.zip
Erstellt am:   2026-06-27T10:25:28.049487+02:00
Status:        applied
Scope:         core
Summary:
  new: 6
  modified: 6
  unchanged: 0
  deleted: 0
  delete_missing: 0

Dateien:
  modified      PROJECT_DOCS/CONCEPT/SPRINGMASTER_VERSION_POLICY.md
  new           PROJECT_DOCS/CORE/CORE_DOMAIN_ENTITY_SERVICE_SUPPORT.md
  modified      PROJECT_DOCS/CORE/CORE_ENTITY_SERVICE_SEQUENCE_INVENTORY.md
  modified      PROJECT_DOCS/CORE/IDM_SYSTEM_CORE_GAP_INVENTORY.json
  modified      PROJECT_DOCS/CORE/IDM_SYSTEM_CORE_GAP_INVENTORY.md
  modified      PROJECT_DOCS/CORE/README.md
  modified      platform/versions/platform.env
  new           src/main/java/de/cocondo/system/entity/service/DomainEntityService.java
  new           src/main/java/de/cocondo/system/entity/service/TagService.java
  new           src/test/java/de/cocondo/system/entity/service/DomainEntityServiceTest.java
  new           src/test/java/de/cocondo/system/entity/service/TagServiceTest.java
  new           patches/logs/core/CHANGELOG-000042-springmaster-core-domain-entity-service-support.md
