== Patch show latest ==
$ /usr/bin/python3 /opt/cocondo/springmaster/bin/patch.py /opt/cocondo/springmaster show latest

Patch-ID:      000047_springmaster_real_app_pattern_forensics
Archiv:        000047_springmaster_real_app_pattern_forensics.zip
Erstellt am:   2026-06-29T13:37:23.551600+02:00
Status:        applied
Scope:         root
Summary:
  new: 2
  modified: 4
  unchanged: 0
  deleted: 0
  delete_missing: 0

Dateien:
  modified      PROJECT_DOCS/CONCEPT/SPRINGMASTER_VERSION_POLICY.md
  modified      PROJECT_DOCS/STANDARDS/API/README.md
  modified      PROJECT_DOCS/STANDARDS/README.md
  new           PROJECT_DOCS/STANDARDS/REAL_APP_PATTERN_FORENSICS.md
  modified      platform/versions/platform.env
  new           patches/logs/root/CHANGELOG-000047-springmaster-real-app-pattern-forensics.md
