== Patch show latest ==
$ /usr/bin/python3 /opt/cocondo/springmaster/bin/patch.py /opt/cocondo/springmaster show latest

Patch-ID:      000054_springmaster_mapping_standard
Archiv:        000054_springmaster_mapping_standard.zip
Erstellt am:   2026-06-30T07:16:34.156892+02:00
Status:        applied
Scope:         root
Summary:
  new: 2
  modified: 7
  unchanged: 0
  deleted: 0
  delete_missing: 0

Dateien:
  modified      PROJECT_DOCS/CONCEPT/SPRINGMASTER_VERSION_POLICY.md
  modified      PROJECT_DOCS/STANDARDS/API/README.md
  modified      PROJECT_DOCS/STANDARDS/CONTROLLER_SERVICE_USECASE_TRANSACTION_STANDARD.md
  modified      PROJECT_DOCS/STANDARDS/DOMAIN_ENTITY_PERSISTENCE_STANDARD.md
  new           PROJECT_DOCS/STANDARDS/MAPPING_STANDARD.md
  modified      PROJECT_DOCS/STANDARDS/README.md
  modified      PROJECT_DOCS/STANDARDS/REAL_APP_PATTERN_FORENSICS.md
  modified      platform/versions/platform.env
  new           patches/logs/root/CHANGELOG-000054-springmaster-mapping-standard.md
