== Patch show latest ==
$ /usr/bin/python3 /opt/cocondo/springmaster/bin/patch.py /opt/cocondo/springmaster show latest

Patch-ID:      000056_springmaster_catalog_demo_readiness_plan
Archiv:        000056_springmaster_catalog_demo_readiness_plan.zip
Erstellt am:   2026-06-30T08:25:32.309892+02:00
Status:        applied
Scope:         root
Summary:
  new: 2
  modified: 6
  unchanged: 0
  deleted: 0
  delete_missing: 0

Dateien:
  modified      PROJECT_DOCS/CONCEPT/SPRINGMASTER_VERSION_POLICY.md
  new           PROJECT_DOCS/DEMO/CATALOG_DEMO_READINESS_PLAN.md
  modified      PROJECT_DOCS/DEMO/README.md
  modified      PROJECT_DOCS/PLANNING/SPRINGMASTER_IMPLEMENTATION_PLAN.md
  modified      PROJECT_DOCS/STANDARDS/API/API_CONTRACT_GATE_CONCEPT.md
  modified      PROJECT_DOCS/STANDARDS/README.md
  modified      platform/versions/platform.env
  new           patches/logs/root/CHANGELOG-000056-springmaster-catalog-demo-readiness-plan.md
