== Patch show latest ==
$ /usr/bin/python3 /opt/cocondo/springmaster/bin/patch.py /opt/cocondo/springmaster show latest

Patch-ID:      000055_springmaster_api_contract_gate_concept
Archiv:        000055_springmaster_api_contract_gate_concept.zip
Erstellt am:   2026-06-30T08:14:59.797892+02:00
Status:        applied
Scope:         root
Summary:
  new: 2
  modified: 5
  unchanged: 0
  deleted: 0
  delete_missing: 0

Dateien:
  modified      PROJECT_DOCS/CONCEPT/SPRINGMASTER_VERSION_POLICY.md
  new           PROJECT_DOCS/STANDARDS/API/API_CONTRACT_GATE_CONCEPT.md
  modified      PROJECT_DOCS/STANDARDS/API/README.md
  modified      PROJECT_DOCS/STANDARDS/README.md
  modified      PROJECT_DOCS/STANDARDS/REAL_APP_PATTERN_FORENSICS.md
  modified      platform/versions/platform.env
  new           patches/logs/root/CHANGELOG-000055-springmaster-api-contract-gate-concept.md
