== Patch show latest ==
$ /usr/bin/python3 /opt/cocondo/springmaster/bin/patch.py /opt/cocondo/springmaster show latest

Patch-ID:      000062_springmaster_adr_0006_verification_and_gate_strategy
Archiv:        000062_springmaster_adr_0006_verification_and_gate_strategy.zip
Erstellt am:   2026-06-30T12:31:13.927641+02:00
Status:        applied
Scope:         root
Summary:
  new: 2
  modified: 9
  unchanged: 0
  deleted: 0
  delete_missing: 0

Dateien:
  new           PROJECT_DOCS/ADR/ADR-0006-verification-and-gate-strategy.md
  modified      PROJECT_DOCS/ADR/ADR_GAP_BACKLOG.md
  modified      PROJECT_DOCS/ADR/ADR_GOVERNANCE_AND_BACKLOG_ALIGNMENT.md
  modified      PROJECT_DOCS/ADR/README.md
  modified      PROJECT_DOCS/CONCEPT/SPRINGMASTER_VERSION_POLICY.md
  modified      PROJECT_DOCS/PLANNING/SPRINGMASTER_IMPLEMENTATION_PLAN.md
  modified      PROJECT_DOCS/STANDARDS/API/API_CONTRACT_GATE_CONCEPT.md
  modified      PROJECT_DOCS/STANDARDS/README.md
  modified      PROJECT_DOCS/STANDARDS/STANDARD_CONSISTENCY_AND_ADR_GAP_REVIEW.md
  modified      platform/versions/platform.env
  new           patches/logs/root/CHANGELOG-000062-springmaster-adr-0006-verification-and-gate-strategy.md
