== Patch show latest ==
$ /usr/bin/python3 /opt/cocondo/springmaster/bin/patch.py /opt/cocondo/springmaster show latest

Patch-ID:      000032_springmaster_platform_update_target_scope_preflight
Archiv:        000032_springmaster_platform_update_target_scope_preflight.zip
Erstellt am:   2026-06-25T14:28:39.973776+02:00
Status:        applied
Scope:         platform-update
Summary:
  new: 2
  modified: 6
  unchanged: 0
  deleted: 0
  delete_missing: 0

Dateien:
  modified      PROJECT_DOCS/CONCEPT/SPRINGMASTER_VERSION_POLICY.md
  modified      PROJECT_DOCS/TOOLING/PLATFORM_UPDATE.md
  modified      PROJECT_DOCS/TOOLING/PLATFORM_UPDATE_PATCH_GENERATION.md
  new           PROJECT_DOCS/TOOLING/PLATFORM_UPDATE_TARGET_SCOPE_PREFLIGHT.md
  modified      bin/platform-update.sh
  modified      platform/update/README.md
  modified      platform/versions/platform.env
  new           patches/logs/platform-update/CHANGELOG-000032-springmaster-platform-update-target-scope-preflight.md
