== Patch apply ==
$ /usr/bin/python3 /opt/cocondo/springmaster/bin/patch.py /opt/cocondo/springmaster apply /home/cb/Downloads/000078_springmaster_generated_service_slice_readiness_marker_alignment.zip

Patch-Apply:
  Projekt:      /opt/cocondo/springmaster
  Archiv:       /home/cb/Downloads/000078_springmaster_generated_service_slice_readiness_marker_alignment.zip
  Patch-ID:     000078_springmaster_generated_service_slice_readiness_marker_alignment
  Scope:        root
  Modus:        AUSFÜHREN

  [MODIFIED]      PROJECT_DOCS/CONCEPT/SPRINGMASTER_VERSION_POLICY.md
  [MODIFIED]      PROJECT_DOCS/PLANNING/SPRINGMASTER_IMPLEMENTATION_PLAN.md
  [MODIFIED]      PROJECT_DOCS/TOOLING/GENERATED_SERVICE_SLICE_READINESS_PLAN.md
  [MODIFIED]      platform/versions/platform.env
  [NEW]           patches/logs/root/CHANGELOG-000078-springmaster-generated-service-slice-readiness-marker-alignment.md

Zusammenfassung:
  new: 1
  modified: 4
  unchanged: 0
  deleted: 0
  delete_missing: 0

Patch-Log: /opt/cocondo/springmaster/patches/archives/000078_springmaster_generated_service_slice_readiness_marker_alignment/patch-log.json
