== Patch show latest ==
$ /usr/bin/python3 /opt/cocondo/springmaster/bin/patch.py /opt/cocondo/springmaster show latest

Patch-ID:      000037_springmaster_platform_update_payload_profiles
Archiv:        000037_springmaster_platform_update_payload_profiles.zip
Erstellt am:   2026-06-26T10:26:36.516634+02:00
Status:        applied
Scope:         root
Summary:
  new: 2
  modified: 7
  unchanged: 0
  deleted: 0
  delete_missing: 0

Dateien:
  modified      PROJECT_DOCS/CONCEPT/SPRINGMASTER_VERSION_POLICY.md
  modified      PROJECT_DOCS/TOOLING/PLATFORM_UPDATE.md
  modified      PROJECT_DOCS/TOOLING/PLATFORM_UPDATE_BUILD_WORKSPACE.md
  new           PROJECT_DOCS/TOOLING/PLATFORM_UPDATE_PAYLOAD_PROFILES.md
  modified      PROJECT_DOCS/TOOLING/PLATFORM_UPDATE_REVIEW_GATE.md
  modified      bin/platform-update.sh
  modified      platform/update/README.md
  modified      platform/versions/platform.env
  new           patches/logs/root/CHANGELOG-000037-springmaster-platform-update-payload-profiles.md
