== Patch show latest ==
$ /usr/bin/python3 /opt/cocondo/springmaster/bin/patch.py /opt/cocondo/springmaster show latest

Patch-ID:      000067_springmaster_report_only_gate_seed_plan
Archiv:        000067_springmaster_report_only_gate_seed_plan.zip
Erstellt am:   2026-06-30T15:50:10.359505+02:00
Status:        applied
Scope:         root
Summary:
  new: 2
  modified: 9
  unchanged: 0
  deleted: 0
  delete_missing: 0

Dateien:
  modified      PROJECT_DOCS/ADR/ADR-0006-verification-and-gate-strategy.md
  modified      PROJECT_DOCS/ADR/ADR_GAP_BACKLOG.md
  modified      PROJECT_DOCS/ADR/ADR_GOVERNANCE_AND_BACKLOG_ALIGNMENT.md
  modified      PROJECT_DOCS/CONCEPT/SPRINGMASTER_VERSION_POLICY.md
  modified      PROJECT_DOCS/DEMO/CATALOG_DEMO_READINESS_PLAN.md
  modified      PROJECT_DOCS/PLANNING/SPRINGMASTER_IMPLEMENTATION_PLAN.md
  modified      PROJECT_DOCS/STANDARDS/API/API_CONTRACT_GATE_CONCEPT.md
  modified      PROJECT_DOCS/STANDARDS/README.md
  new           PROJECT_DOCS/TOOLING/REPORT_ONLY_GATE_SEED_PLAN.md
  modified      platform/versions/platform.env
  new           patches/logs/root/CHANGELOG-000067-springmaster-report-only-gate-seed-plan.md
