== Patch show latest ==
$ /usr/bin/python3 /opt/cocondo/springmaster/bin/patch.py /opt/cocondo/springmaster show latest

Patch-ID:      000082_000082_springmaster_command_precheck_capability_standard
Archiv:        000082_springmaster_command_precheck_capability_standard.zip
Erstellt am:   2026-07-03T11:41:33.603370+02:00
Status:        applied
Scope:         root
Summary:
  new: 3
  modified: 5
  unchanged: 0
  deleted: 0
  delete_missing: 0

Dateien:
  new           PROJECT_DOCS/ADR/ADR-0011-command-precheck-and-capability-boundary.md
  modified      PROJECT_DOCS/ADR/ADR_GAP_BACKLOG.md
  modified      PROJECT_DOCS/ADR/README.md
  new           PROJECT_DOCS/STANDARDS/API/COMMAND_PRECHECK_ENDPOINT_STANDARD.md
  modified      PROJECT_DOCS/STANDARDS/API/README.md
  modified      PROJECT_DOCS/STANDARDS/README.md
  modified      PROJECT_DOCS/STANDARDS/SECURITY_PERMISSION_BOUNDARY_STANDARD.md
  new           patches/logs/root/CHANGELOG-000082-springmaster-command-precheck-capability-standard.md
