== Patch show latest ==
$ /usr/bin/python3 /opt/cocondo/springmaster/bin/patch.py /opt/cocondo/springmaster show latest

Patch-ID:      000029_springmaster_patch_accept_noop_guard_and_state_alignment
Archiv:        000029_springmaster_patch_accept_noop_guard_and_state_alignment.zip
Erstellt am:   2026-06-25T11:33:42.888909+02:00
Status:        applied
Scope:         root
Summary:
  new: 1
  modified: 9
  unchanged: 0
  deleted: 0
  delete_missing: 0

Dateien:
  modified      PROJECT_DOCS/CONCEPT/SPRINGMASTER_VERSION_POLICY.md
  modified      PROJECT_DOCS/PLANNING/SPRINGMASTER_IMPLEMENTATION_PLAN.md
  modified      PROJECT_DOCS/TOOLING/PATCH_ACCEPT_VERIFY_WORKFLOW.md
  modified      PROJECT_DOCS/TOOLING/PATCH_SYSTEM.md
  modified      PROJECT_DOCS/TOOLING/PATCH_VALIDATION_POLICY.md
  modified      PROJECT_DOCS/TOOLING/PLATFORM_UPDATE_PATCH_GENERATION.md
  modified      PROJECT_DOCS/TOOLING/TOOLING_BASELINE.md
  modified      bin/patch.py
  modified      platform/versions/platform.env
  new           patches/logs/root/CHANGELOG-000029-springmaster-patch-accept-noop-guard-and-state-alignment.md
