== Patch show latest ==
$ /usr/bin/python3 /opt/cocondo/springmaster/bin/patch.py /opt/cocondo/springmaster show latest

Patch-ID:      000028_springmaster_platform_update_core_payload_mapping
Archiv:        000029_springmaster_platform_update_core_payload_mapping.zip
Erstellt am:   2026-06-24T16:47:59.103550+02:00
Status:        applied
Scope:         platform-update
Summary:
  new: 1
  modified: 6
  unchanged: 0
  deleted: 0
  delete_missing: 0

Dateien:
  modified      PROJECT_DOCS/CONCEPT/SPRINGMASTER_VERSION_POLICY.md
  modified      PROJECT_DOCS/TOOLING/PLATFORM_UPDATE.md
  modified      PROJECT_DOCS/TOOLING/PLATFORM_UPDATE_PATCH_GENERATION.md
  modified      bin/platform-update.sh
  modified      platform/update/README.md
  modified      platform/versions/platform.env
  new           patches/logs/platform-update/CHANGELOG-000029-springmaster-platform-update-core-payload-mapping.md
