== Patch show latest ==
$ /usr/bin/python3 /opt/cocondo/springmaster/bin/patch.py /opt/cocondo/springmaster show latest

Patch-ID:      000027_springmaster_platform_update_patch_generation_plan
Archiv:        000026_springmaster_platform_update_patch_generation_plan.zip
Erstellt am:   2026-06-24T15:22:22.613263+02:00
Status:        applied
Scope:         root
Summary:
  new: 0
  modified: 0
  unchanged: 13
  deleted: 0
  delete_missing: 0

Dateien:
  unchanged     PROJECT_DOCS/CONCEPT/SPRINGMASTER_VERSION_POLICY.md
  unchanged     PROJECT_DOCS/PLANNING/SPRINGMASTER_IMPLEMENTATION_PLAN.md
  unchanged     PROJECT_DOCS/TARGET_UPDATES/TARGET_REGISTRY.md
  unchanged     PROJECT_DOCS/TOOLING/PATCH_SYSTEM.md
  unchanged     PROJECT_DOCS/TOOLING/PATCH_VALIDATION_POLICY.md
  unchanged     PROJECT_DOCS/TOOLING/PLATFORM_UPDATE.md
  unchanged     PROJECT_DOCS/TOOLING/PLATFORM_UPDATE_PATCH_GENERATION.md
  unchanged     PROJECT_DOCS/TOOLING/TOOLING_BASELINE.md
  unchanged     bin/patch.py
  unchanged     bin/platform-update.sh
  unchanged     platform/update/generated/.gitkeep
  unchanged     platform/versions/platform.env
  unchanged     patches/logs/root/CHANGELOG-000026-springmaster-platform-update-patch-generation-plan.md
