== Patch show latest ==
$ /usr/bin/python3 /opt/cocondo/springmaster/bin/patch.py /opt/cocondo/springmaster show latest

Patch-ID:      000059_springmaster_api_error_identity_and_statuscode_consistency_standard
Archiv:        000059_springmaster_api_error_identity_and_statuscode_consistency_standard.zip
Erstellt am:   2026-06-30T10:06:51.073141+02:00
Status:        applied
Scope:         root
Summary:
  new: 2
  modified: 13
  unchanged: 0
  deleted: 0
  delete_missing: 0

Dateien:
  modified      PROJECT_DOCS/ADR/ADR_GAP_BACKLOG.md
  modified      PROJECT_DOCS/CONCEPT/SPRINGMASTER_VERSION_POLICY.md
  modified      PROJECT_DOCS/DEMO/CATALOG_DEMO_READINESS_PLAN.md
  modified      PROJECT_DOCS/PLANNING/SPRINGMASTER_IMPLEMENTATION_PLAN.md
  modified      PROJECT_DOCS/STANDARDS/API/API_CONTRACT_GATE_CONCEPT.md
  modified      PROJECT_DOCS/STANDARDS/API/API_ENDPOINT_CONTRACT_STANDARD.md
  modified      PROJECT_DOCS/STANDARDS/API/API_ERROR_CONTRACT_STANDARD.md
  new           PROJECT_DOCS/STANDARDS/API/API_ERROR_IDENTITY_STATUSCODE_CONSISTENCY_STANDARD.md
  modified      PROJECT_DOCS/STANDARDS/API/COMMAND_HTTP_STANDARD.md
  modified      PROJECT_DOCS/STANDARDS/API/COMMAND_RELATIONSHIP_ENDPOINT_STANDARD.md
  modified      PROJECT_DOCS/STANDARDS/API/README.md
  modified      PROJECT_DOCS/STANDARDS/README.md
  modified      PROJECT_DOCS/STANDARDS/STANDARD_CONSISTENCY_AND_ADR_GAP_REVIEW.md
  modified      platform/versions/platform.env
  new           patches/logs/root/CHANGELOG-000059-springmaster-api-error-identity-and-statuscode-consistency-standard.md
