== Patch show latest ==
$ /usr/bin/python3 /opt/cocondo/springmaster/bin/patch.py /opt/cocondo/springmaster show latest

Patch-ID:      000081_springmaster_zbm_core_source_copy_acceptance
Archiv:        000081_springmaster_zbm_core_source_copy_acceptance.zip
Erstellt am:   2026-07-02T15:35:36.655394+02:00
Status:        applied
Scope:         root
Summary:
  new: 2
  modified: 7
  unchanged: 0
  deleted: 0
  delete_missing: 0

Dateien:
  modified      PROJECT_DOCS/CONCEPT/SPRINGMASTER_VERSION_POLICY.md
  modified      PROJECT_DOCS/PLANNING/SPRINGMASTER_IMPLEMENTATION_PLAN.md
  new           PROJECT_DOCS/TARGET_UPDATES/ZBM_CORE_SOURCE_COPY_ACCEPTANCE.md
  modified      PROJECT_DOCS/TOOLING/GENERATED_SERVICE_SLICE_BLUEPRINT_SPEC.md
  modified      PROJECT_DOCS/TOOLING/PLATFORM_UPDATE.md
  modified      PROJECT_DOCS/TOOLING/PLATFORM_UPDATE_PAYLOAD_PROFILES.md
  modified      bin/platform-update.sh
  modified      platform/versions/platform.env
  new           patches/logs/root/CHANGELOG-000081-springmaster-zbm-core-source-copy-acceptance.md
